<?xml version="1.0" encoding="UTF-8"?>
<!-- Generated by org.testng.reporters.JUnitReportReporter -->
<testsuite hostname="LAPTOP-55P5JAS8" failures="0" tests="3" name="com.ShoppersStack.ShopperCart" time="22.009" errors="0" timestamp="2024-04-30T17:05:24 IST" skipped="0">
  <testcase classname="com.ShoppersStack.ShopperCart" name="loginAndCaptureJwt" time="9.785"/>
  <testcase classname="com.ShoppersStack.ShopperCart" name="addProductToCart" time="2.090"/>
  <testcase classname="com.ShoppersStack.ShopperCart" name="getAllProducts" time="10.134"/>
</testsuite> <!-- com.ShoppersStack.ShopperCart -->
