<?xml version="1.0" encoding="UTF-8"?>
<!-- Generated by org.testng.reporters.JUnitReportReporter -->
<testsuite hostname="LAPTOP-55P5JAS8" failures="0" tests="1" name="practice.CapturingAPerticularEmail" time="10.433" errors="0" timestamp="2024-04-30T11:24:04 IST" skipped="0">
  <testcase classname="practice.CapturingAPerticularEmail" name="getAPerticularId" time="10.433"/>
</testsuite> <!-- practice.CapturingAPerticularEmail -->
