<?xml version="1.0" encoding="UTF-8"?>
<!-- Generated by org.testng.reporters.JUnitReportReporter -->
<testsuite hostname="LAPTOP-55P5JAS8" failures="0" tests="2" name="com.ShoppersStack.ApiTestScripts.ShoppersAddress_1" time="7.355" errors="0" timestamp="2024-05-13T18:05:59 IST" skipped="0">
  <testcase classname="com.ShoppersStack.ApiTestScripts.ShoppersAddress_1" name="addNewAddress" time="1.645"/>
  <testcase classname="com.ShoppersStack.ApiTestScripts.ShoppersAddress_1" name="login" time="5.710"/>
</testsuite> <!-- com.ShoppersStack.ApiTestScripts.ShoppersAddress_1 -->
