<?xml version="1.0" encoding="UTF-8"?>
<!-- Generated by org.testng.reporters.JUnitReportReporter -->
<testsuite hostname="LAPTOP-55P5JAS8" failures="0" tests="4" name="com.ShoppersStack.ShopperOrder" time="16.467" errors="0" timestamp="2024-04-30T18:05:47 IST" skipped="0">
  <testcase classname="com.ShoppersStack.ShopperOrder" name="login" time="10.432"/>
  <testcase classname="com.ShoppersStack.ShopperOrder" name="displayOrders" time="2.906"/>
  <testcase classname="com.ShoppersStack.ShopperOrder" name="generateInvoice" time="1.343"/>
  <testcase classname="com.ShoppersStack.ShopperOrder" name="updateOrderStatus" time="1.786"/>
</testsuite> <!-- com.ShoppersStack.ShopperOrder -->
