<?xml version="1.0" encoding="UTF-8"?>
<!-- Generated by org.testng.reporters.JUnitReportReporter -->
<testsuite hostname="LAPTOP-55P5JAS8" failures="0" tests="2" name="com.ShoppersStack.ShoppersAddress" time="9.310" errors="0" timestamp="2024-05-13T17:18:35 IST" skipped="0">
  <testcase classname="com.ShoppersStack.ShoppersAddress" name="addNewAddress" time="3.510"/>
  <testcase classname="com.ShoppersStack.ShoppersAddress" name="login" time="5.800"/>
</testsuite> <!-- com.ShoppersStack.ShoppersAddress -->
