<?xml version="1.0" encoding="UTF-8"?>
<!-- Generated by org.testng.reporters.JUnitReportReporter -->
<testsuite hostname="LAPTOP-55P5JAS8" failures="0" tests="1" name="practice.Req_Resp_SpecBuilder" time="8.213" errors="0" timestamp="2024-05-13T13:46:31 IST" skipped="0">
  <testcase classname="practice.Req_Resp_SpecBuilder" name="login" time="8.213"/>
</testsuite> <!-- practice.Req_Resp_SpecBuilder -->
