<?xml version="1.0" encoding="UTF-8"?>
<!-- Generated by org.testng.reporters.JUnitReportReporter -->
<testsuite hostname="LAPTOP-55P5JAS8" failures="0" tests="3" name="com.ShoppersStack.ShopperWishlist" time="10.827" errors="0" timestamp="2024-04-30T14:00:55 IST" skipped="0">
  <testcase classname="com.ShoppersStack.ShopperWishlist" name="loginAndCaptureJwt" time="5.844"/>
  <testcase classname="com.ShoppersStack.ShopperWishlist" name="getAllProducts" time="3.647"/>
  <testcase classname="com.ShoppersStack.ShopperWishlist" name="getProductsFromWishlist" time="1.336"/>
</testsuite> <!-- com.ShoppersStack.ShopperWishlist -->
