<?xml version="1.0" encoding="UTF-8"?>
<!-- Generated by org.testng.reporters.JUnitReportReporter -->
<testsuite hostname="LAPTOP-55P5JAS8" failures="0" tests="1" name="practice.CrudWithoutBDD" time="7.442" errors="0" timestamp="2024-04-26T18:00:17 IST" skipped="0">
  <testcase classname="practice.CrudWithoutBDD" name="login" time="7.442"/>
</testsuite> <!-- practice.CrudWithoutBDD -->
