<?xml version="1.0" encoding="UTF-8"?>
<!-- Generated by org.testng.reporters.JUnitReportReporter -->
<testsuite hostname="LAPTOP-55P5JAS8" failures="0" tests="1" name="practice.FourDifferentWaysOfCreatingBody" time="7.407" errors="0" timestamp="2024-04-28T11:30:37 IST" skipped="0">
  <testcase classname="practice.FourDifferentWaysOfCreatingBody" name="loginUsingFile" time="7.407"/>
</testsuite> <!-- practice.FourDifferentWaysOfCreatingBody -->
