<?xml version="1.0" encoding="UTF-8"?>
<!-- Generated by org.testng.reporters.JUnitReportReporter -->
<testsuite hostname="LAPTOP-55P5JAS8" failures="0" tests="1" name="practice.CrudWithBDD" time="7.624" errors="0" timestamp="2024-04-28T11:30:56 IST" skipped="0">
  <testcase classname="practice.CrudWithBDD" name="login" time="7.624"/>
</testsuite> <!-- practice.CrudWithBDD -->
