<?xml version="1.0" encoding="UTF-8"?>
<!-- Generated by org.testng.reporters.JUnitReportReporter -->
<testsuite hostname="LAPTOP-55P5JAS8" failures="0" tests="2" name="com.ShoppersStack.CrudWithBDD" time="11.404" errors="0" timestamp="2024-04-26T17:54:32 IST" skipped="0">
  <testcase classname="com.ShoppersStack.CrudWithBDD" name="getAllProducts" time="5.997"/>
  <testcase classname="com.ShoppersStack.CrudWithBDD" name="loginAndCaptureJwt" time="5.407"/>
</testsuite> <!-- com.ShoppersStack.CrudWithBDD -->
