<?xml version="1.0" encoding="UTF-8"?>
<!-- Generated by org.testng.reporters.JUnitReportReporter -->
<testsuite hostname="LAPTOP-55P5JAS8" failures="0" tests="1" name="com.ShoppersStack.ShoppersWishlist" time="4.993" errors="0" timestamp="2024-04-30T11:00:10 IST" skipped="0">
  <testcase classname="com.ShoppersStack.ShoppersWishlist" name="getAPerticularId" time="4.993"/>
</testsuite> <!-- com.ShoppersStack.ShoppersWishlist -->
