<?xml version="1.0" encoding="UTF-8"?>
<!-- Generated by org.testng.reporters.JUnitReportReporter -->
<testsuite hostname="LAPTOP-55P5JAS8" failures="0" tests="2" name="com.ShoppersStack.ShoppersLoginAndGetProduct" time="12.964" errors="0" timestamp="2024-05-13T16:37:50 IST" skipped="0">
  <testcase classname="com.ShoppersStack.ShoppersLoginAndGetProduct" name="loginAndCaptureJwt" time="7.511"/>
  <testcase classname="com.ShoppersStack.ShoppersLoginAndGetProduct" name="getAllProducts" time="5.453"/>
</testsuite> <!-- com.ShoppersStack.ShoppersLoginAndGetProduct -->
