<?xml version="1.0" encoding="UTF-8"?>
<!-- Generated by org.testng.reporters.JUnitReportReporter -->
<testsuite hostname="LAPTOP-55P5JAS8" failures="0" tests="1" name="com.ShoppersStack.CrudWithoutBDD" time="6.829" errors="0" timestamp="2024-04-26T16:25:12 IST" skipped="0">
  <testcase classname="com.ShoppersStack.CrudWithoutBDD" name="login" time="6.829"/>
</testsuite> <!-- com.ShoppersStack.CrudWithoutBDD -->
