<?xml version="1.0" encoding="UTF-8"?>
<!-- Generated by org.testng.reporters.JUnitReportReporter -->
<testsuite hostname="LAPTOP-55P5JAS8" failures="0" tests="2" name="com.ShoppersStack.ApiTestScripts.ShoppersLoginAndGetProduct_1" time="15.661" errors="0" timestamp="2024-05-13T17:00:46 IST" skipped="0">
  <testcase classname="com.ShoppersStack.ApiTestScripts.ShoppersLoginAndGetProduct_1" name="getAllProducts" time="6.956"/>
  <testcase classname="com.ShoppersStack.ApiTestScripts.ShoppersLoginAndGetProduct_1" name="loginAndCaptureJwt" time="8.705"/>
</testsuite> <!-- com.ShoppersStack.ApiTestScripts.ShoppersLoginAndGetProduct_1 -->
